############ BIBER OUTPUT ############
INFO - This is Biber 2.19
INFO - Logfile is 'main.blg'
INFO - Reading 'main.bcf'
INFO - Found 16 citekeys in bib section 0
INFO - Processing section 0
INFO - Looking for bibtex file 'x_bibliography/references.bib' for section 0
INFO - LaTeX decoding ...
INFO - Found BibTeX data source 'x_bibliography/references.bib'
INFO - Overriding locale 'en-US' defaults 'normalization = NFD' with 'normalization = prenormalized'
INFO - Overriding locale 'en-US' defaults 'variable = shifted' with 'variable = non-ignorable'
INFO - Sorting list 'nty/global//global/global' of type 'entry' with template 'nty' and locale 'en-US'
INFO - No sort tailoring available for locale 'en-US'
INFO - Writing 'main.bbl' with encoding 'UTF-8'
INFO - Output to main.bbl

############ LAST XELATEX (tail of build3) ############

LaTeX Warning: `h' float specifier changed to `ht'.

[46]
Overfull \hbox (5.09117pt too wide) in paragraph at lines 302--303
[]\TU/TimesNewRoman(0)/m/n/12 Performance was measured by instrumenting the app
lication with chronometers around

LaTeX Warning: `h' float specifier changed to `ht'.

[47]
Overfull \hbox (19.6698pt too wide) in paragraph at lines 338--351
 [][] 
[48] [49]) (./b_chapters/x_conclusions/conclusions.tex [50]

Package hyperref Warning: The anchor of a bookmark and its parent's must not
(hyperref)                be the same. Added a new anchor on input line 6.

[51]
Overfull \hbox (14.13266pt too wide) in paragraph at lines 30--31
\TU/TimesNewRoman(0)/m/n/12 platform treasury and money-transfer platform tailo
red to small multi-branch currency-exchange
[52] [53]
Overfull \hbox (4.87982pt too wide) in paragraph at lines 58--59
[]\TU/TimesNewRoman(0)/m/n/12 An asynchronous offline write queue with strong o
rdering guarantees, evaluated against

Overfull \hbox (13.86827pt too wide) in paragraph at lines 59--60
[]\TU/TimesNewRoman(0)/m/n/12 A formal verification of the atomicity and idempo
tency properties of the stored-procedure
) [54] [55]
Overfull \hbox (14.37112pt too wide) in paragraph at lines 97--97
[]\TU/TimesNewRoman(0)/m/n/12 E. Evans, \TU/TimesNewRoman(0)/m/it/12 Domain-Dri
ven Design: Tackling Complexity in the Heart of Software\TU/TimesNewRoman(0)/m/
n/12 . Addison-

Overfull \hbox (0.99876pt too wide) in paragraph at lines 97--97
[]\TU/TimesNewRoman(0)/m/n/12 M. Fowler, \TU/TimesNewRoman(0)/m/it/12 Event sou
rcing\TU/TimesNewRoman(0)/m/n/12 , []$[][][][][] [] [] [] [][][][][][][][][][][
][] [] [][][] [] [][][][][][] [] [][][][][][][][][][][][][] []

Overfull \hbox (13.16327pt too wide) in paragraph at lines 97--97
[]\TU/TimesNewRoman(0)/m/n/12 Splitwise Inc., \TU/TimesNewRoman(0)/m/it/12 Spli
twise — less stress when sharing expenses\TU/TimesNewRoman(0)/m/n/12 , []$[][][
][][] [] [] [] [][][] [] [][][][][][][][][] []
[56] (./y_backmatter/appendices/appendixA.tex [57]
Appendix A.

Overfull \hbox (0.87984pt too wide) in paragraph at lines 4--5
[]\TU/TimesNewRoman(0)/m/n/12 This appendix reproduces the core data definition
 language for the \TU/TimesNewRoman(0)/m/it/12 Ethnocount \TU/TimesNewRoman(0)/
m/n/12 schema.
[58] [59] [60] [61]) (./y_backmatter/appendices/appendixB.tex [62]
Appendix B.

./y_backmatter/appendices/appendixB.tex:30: LaTeX Error: Something's wrong--per
haps a missing \item.

See the LaTeX manual or LaTeX Companion for explanation.
Type  H <return>  for immediate help.
 ...                                              
                                                  
l.30 ...altime\\(logical replication)} (bloc.west)
                                                  ;

Overfull \hbox (85.16455pt too wide) in paragraph at lines 62--63
 [][] 

LaTeX Warning: `h' float specifier changed to `ht'.

) (./y_backmatter/declaration.tex [63] [64])
(./y_backmatter/acknowledgments.tex [65])

Package caption Warning: Unused \captionsetup[algorithm] on input line 56.
See the caption package documentation for explanation.

[66] (./main.aux) )
(see the transcript file for additional information)
Output written on main.pdf (68 pages).
Transcript written on main.log.

############ DIR ############
total 1036
drwxr-xr-x 6 runner runner   4096 Jun  2 11:29 .
drwxr-xr-x 3 runner runner   4096 Jun  2 11:27 ..
drwxr-xr-x 3 runner runner   4096 Jun  2 11:27 a_frontmatter
drwxr-xr-x 7 runner runner   4096 Jun  2 11:27 b_chapters
-rw-r--r-- 1 runner runner    745 Jun  2 11:29 biber.txt
-rw-r--r-- 1 runner runner  39586 Jun  2 11:29 build1.txt
-rw-r--r-- 1 runner runner  31903 Jun  2 11:29 build2.txt
-rw-r--r-- 1 runner runner  31541 Jun  2 11:29 build3.txt
-rw-r--r-- 1 runner runner  43754 Jun  2 11:27 build_docx.py
-rw-r--r-- 1 runner runner  29478 Jun  2 11:29 main.aux
-rw-r--r-- 1 runner runner  18265 Jun  2 11:29 main.bbl
-rw-r--r-- 1 runner runner 109111 Jun  2 11:29 main.bcf
-rw-r--r-- 1 runner runner   1085 Jun  2 11:29 main.blg
-rw-r--r-- 1 runner runner      0 Jun  2 11:29 main.loa
-rw-r--r-- 1 runner runner   1904 Jun  2 11:29 main.lof
-rw-r--r-- 1 runner runner  76186 Jun  2 11:29 main.log
-rw-r--r-- 1 runner runner   1431 Jun  2 11:29 main.lol
-rw-r--r-- 1 runner runner   1446 Jun  2 11:29 main.lot
-rw-r--r-- 1 runner runner  11555 Jun  2 11:29 main.out
-rw-r--r-- 1 runner runner 571038 Jun  2 11:29 main.pdf
-rw-r--r-- 1 runner runner   2452 Jun  2 11:29 main.run.xml
-rw-r--r-- 1 runner runner   2965 Jun  2 11:27 main.tex
-rw-r--r-- 1 runner runner   5845 Jun  2 11:29 main.toc
-rw-r--r-- 1 runner runner  10542 Jun  2 11:27 rnu-thesis.cls
-rw-r--r-- 1 runner runner   4130 Jun  2 11:29 thesis-build.log
drwxr-xr-x 2 runner runner   4096 Jun  2 11:27 x_bibliography
drwxr-xr-x 3 runner runner   4096 Jun  2 11:27 y_backmatter
